<?xml version="1.0" encoding="UTF-8"?>
<coverage generated="1779811226886" clover="3.2.0">
  <project timestamp="1779811226886" name="All files">
    <metrics statements="16" coveredstatements="16" conditionals="9" coveredconditionals="9" methods="7" coveredmethods="7" elements="32" coveredelements="32" complexity="0" loc="16" ncloc="16" packages="1" files="1" classes="1"/>
    <file name="index.ts" path="/Users/binjo/Documents/projects/grlt-hub/app-compose/packages/coda/src/debug/index.ts">
      <metrics statements="16" coveredstatements="16" conditionals="9" coveredconditionals="9" methods="7" coveredmethods="7"/>
      <line num="10" count="10" type="stmt"/>
      <line num="12" count="5" type="stmt"/>
      <line num="13" count="17" type="cond" truecount="5" falsecount="0"/>
      <line num="25" count="17" type="stmt"/>
      <line num="26" count="17" type="stmt"/>
      <line num="28" count="17" type="stmt"/>
      <line num="29" count="23" type="cond" truecount="2" falsecount="0"/>
      <line num="34" count="7" type="stmt"/>
      <line num="42" count="17" type="stmt"/>
      <line num="44" count="17" type="stmt"/>
      <line num="49" count="17" type="stmt"/>
      <line num="51" count="17" type="stmt"/>
      <line num="52" count="23" type="stmt"/>
      <line num="53" count="23" type="stmt"/>
      <line num="54" count="23" type="stmt"/>
      <line num="57" count="17" type="stmt"/>
    </file>
  </project>
</coverage>
