{"/Users/binjo/Documents/projects/grlt-hub/app-compose/packages/coda/src/debug/index.ts": {"path":"/Users/binjo/Documents/projects/grlt-hub/app-compose/packages/coda/src/debug/index.ts","statementMap":{"0":{"start":{"line":10,"column":13},"end":{"line":10,"column":null}},"1":{"start":{"line":10,"column":17},"end":{"line":10,"column":null}},"2":{"start":{"line":10,"column":63},"end":{"line":10,"column":64}},"3":{"start":{"line":12,"column":18},"end":{"line":18,"column":null}},"4":{"start":{"line":13,"column":2},"end":{"line":18,"column":null}},"5":{"start":{"line":25,"column":26},"end":{"line":25,"column":null}},"6":{"start":{"line":26,"column":31},"end":{"line":26,"column":null}},"7":{"start":{"line":28,"column":18},"end":{"line":40,"column":null}},"8":{"start":{"line":29,"column":4},"end":{"line":39,"column":null}},"9":{"start":{"line":34,"column":19},"end":{"line":34,"column":null}},"10":{"start":{"line":42,"column":19},"end":{"line":42,"column":null}},"11":{"start":{"line":44,"column":2},"end":{"line":60,"column":null}},"12":{"start":{"line":49,"column":8},"end":{"line":49,"column":null}},"13":{"start":{"line":51,"column":8},"end":{"line":55,"column":null}},"14":{"start":{"line":52,"column":10},"end":{"line":52,"column":null}},"15":{"start":{"line":53,"column":10},"end":{"line":53,"column":null}},"16":{"start":{"line":54,"column":10},"end":{"line":54,"column":null}},"17":{"start":{"line":57,"column":8},"end":{"line":57,"column":null}}},"fnMap":{"0":{"name":"(anonymous_0)","decl":{"start":{"line":10,"column":13},"end":{"line":10,"column":17}},"loc":{"start":{"line":10,"column":17},"end":{"line":10,"column":null}},"line":10},"1":{"name":"(anonymous_1)","decl":{"start":{"line":10,"column":56},"end":{"line":10,"column":57}},"loc":{"start":{"line":10,"column":63},"end":{"line":10,"column":64}},"line":10},"2":{"name":"(anonymous_2)","decl":{"start":{"line":12,"column":18},"end":{"line":12,"column":19}},"loc":{"start":{"line":13,"column":2},"end":{"line":18,"column":null}},"line":13},"3":{"name":"debug","decl":{"start":{"line":22,"column":9},"end":{"line":22,"column":null}},"loc":{"start":{"line":24,"column":17},"end":{"line":61,"column":null}},"line":24},"4":{"name":"(anonymous_4)","decl":{"start":{"line":28,"column":30},"end":{"line":28,"column":31}},"loc":{"start":{"line":29,"column":4},"end":{"line":39,"column":null}},"line":29},"5":{"name":"(anonymous_5)","decl":{"start":{"line":34,"column":12},"end":{"line":34,"column":13}},"loc":{"start":{"line":34,"column":19},"end":{"line":34,"column":null}},"line":34},"6":{"name":"(anonymous_6)","decl":{"start":{"line":48,"column":10},"end":{"line":48,"column":11}},"loc":{"start":{"line":48,"column":20},"end":{"line":58,"column":null}},"line":48}},"branchMap":{"0":{"loc":{"start":{"line":13,"column":2},"end":{"line":18,"column":null}},"type":"cond-expr","locations":[{"start":{"line":14,"column":6},"end":{"line":17,"column":null}},{"start":{"line":18,"column":6},"end":{"line":18,"column":null}}],"line":13},"1":{"loc":{"start":{"line":13,"column":2},"end":{"line":13,"column":null}},"type":"binary-expr","locations":[{"start":{"line":13,"column":2},"end":{"line":13,"column":20}},{"start":{"line":13,"column":20},"end":{"line":13,"column":37}},{"start":{"line":13,"column":37},"end":{"line":13,"column":null}}],"line":13},"2":{"loc":{"start":{"line":29,"column":4},"end":{"line":39,"column":null}},"type":"cond-expr","locations":[{"start":{"line":30,"column":8},"end":{"line":36,"column":null}},{"start":{"line":37,"column":8},"end":{"line":39,"column":null}}],"line":29},"3":{"loc":{"start":{"line":37,"column":8},"end":{"line":39,"column":null}},"type":"cond-expr","locations":[{"start":{"line":38,"column":10},"end":{"line":38,"column":null}},{"start":{"line":39,"column":10},"end":{"line":39,"column":null}}],"line":37}},"s":{"0":5,"1":10,"2":10,"3":5,"4":17,"5":17,"6":17,"7":17,"8":23,"9":7,"10":17,"11":17,"12":17,"13":17,"14":23,"15":23,"16":23,"17":17},"f":{"0":10,"1":10,"2":17,"3":17,"4":23,"5":7,"6":17},"b":{"0":[1,16],"1":[17,12,8],"2":[7,16],"3":[6,10]},"meta":{"lastBranch":4,"lastFunction":7,"lastStatement":18,"seen":{"s:10:13:10:Infinity":0,"f:10:13:10:17":0,"s:10:17:10:Infinity":1,"f:10:56:10:57":1,"s:10:63:10:64":2,"s:12:18:18:Infinity":3,"f:12:18:12:19":2,"s:13:2:18:Infinity":4,"b:14:6:17:Infinity:18:6:18:Infinity":0,"b:13:2:13:20:13:20:13:37:13:37:13:Infinity":1,"f:22:9:22:Infinity":3,"s:25:26:25:Infinity":5,"s:26:31:26:Infinity":6,"s:28:18:40:Infinity":7,"f:28:30:28:31":4,"s:29:4:39:Infinity":8,"b:30:8:36:Infinity:37:8:39:Infinity":2,"f:34:12:34:13":5,"s:34:19:34:Infinity":9,"b:38:10:38:Infinity:39:10:39:Infinity":3,"s:42:19:42:Infinity":10,"s:44:2:60:Infinity":11,"f:48:10:48:11":6,"s:49:8:49:Infinity":12,"s:51:8:55:Infinity":13,"s:52:10:52:Infinity":14,"s:53:10:53:Infinity":15,"s:54:10:54:Infinity":16,"s:57:8:57:Infinity":17}}}
}
